\BOOKMARK [0][-]{chapter.1}{\376\377\000H\000i\000e\000r\000a\000r\000c\000h\000i\000c\000a\000l\000\040\000I\000n\000d\000e\000x}{}% 1
\BOOKMARK [1][-]{section.1.1}{\376\377\000C\000l\000a\000s\000s\000\040\000H\000i\000e\000r\000a\000r\000c\000h\000y}{chapter.1}% 2
\BOOKMARK [0][-]{chapter.2}{\376\377\000C\000l\000a\000s\000s\000\040\000I\000n\000d\000e\000x}{}% 3
\BOOKMARK [1][-]{section.2.1}{\376\377\000C\000l\000a\000s\000s\000\040\000L\000i\000s\000t}{chapter.2}% 4
\BOOKMARK [0][-]{chapter.3}{\376\377\000F\000i\000l\000e\000\040\000I\000n\000d\000e\000x}{}% 5
\BOOKMARK [1][-]{section.3.1}{\376\377\000F\000i\000l\000e\000\040\000L\000i\000s\000t}{chapter.3}% 6
\BOOKMARK [0][-]{chapter.4}{\376\377\000C\000l\000a\000s\000s\000\040\000D\000o\000c\000u\000m\000e\000n\000t\000a\000t\000i\000o\000n}{}% 7
\BOOKMARK [1][-]{section.4.1}{\376\377\000B\000i\000e\000g\000a\000c\000z\000\040\000C\000l\000a\000s\000s\000\040\000R\000e\000f\000e\000r\000e\000n\000c\000e}{chapter.4}% 8
\BOOKMARK [2][-]{subsection.4.1.1}{\376\377\000D\000e\000t\000a\000i\000l\000e\000d\000\040\000D\000e\000s\000c\000r\000i\000p\000t\000i\000o\000n}{section.4.1}% 9
\BOOKMARK [2][-]{subsection.4.1.2}{\376\377\000C\000o\000n\000s\000t\000r\000u\000c\000t\000o\000r\000\040\000\046\000\040\000D\000e\000s\000t\000r\000u\000c\000t\000o\000r\000\040\000D\000o\000c\000u\000m\000e\000n\000t\000a\000t\000i\000o\000n}{section.4.1}% 10
\BOOKMARK [3][-]{subsubsection.4.1.2.1}{\376\377\000B\000i\000e\000g\000a\000c\000z}{subsection.4.1.2}% 11
\BOOKMARK [3][-]{subsubsection.4.1.2.2}{\376\377\000B\000i\000e\000g\000a\000c\000z}{subsection.4.1.2}% 12
\BOOKMARK [2][-]{subsection.4.1.3}{\376\377\000M\000e\000m\000b\000e\000r\000\040\000F\000u\000n\000c\000t\000i\000o\000n\000\040\000D\000o\000c\000u\000m\000e\000n\000t\000a\000t\000i\000o\000n}{section.4.1}% 13
\BOOKMARK [3][-]{subsubsection.4.1.3.1}{\376\377\000p\000r\000e\000p\000a\000r\000e}{subsection.4.1.3}% 14
\BOOKMARK [3][-]{subsubsection.4.1.3.2}{\376\377\000r\000u\000n}{subsection.4.1.3}% 15
\BOOKMARK [1][-]{section.4.2}{\376\377\000B\000i\000e\000g\000a\000c\000z\000L\000i\000s\000t\000a\000\040\000C\000l\000a\000s\000s\000\040\000R\000e\000f\000e\000r\000e\000n\000c\000e}{chapter.4}% 16
\BOOKMARK [2][-]{subsection.4.2.1}{\376\377\000D\000e\000t\000a\000i\000l\000e\000d\000\040\000D\000e\000s\000c\000r\000i\000p\000t\000i\000o\000n}{section.4.2}% 17
\BOOKMARK [2][-]{subsection.4.2.2}{\376\377\000M\000e\000m\000b\000e\000r\000\040\000F\000u\000n\000c\000t\000i\000o\000n\000\040\000D\000o\000c\000u\000m\000e\000n\000t\000a\000t\000i\000o\000n}{section.4.2}% 18
\BOOKMARK [3][-]{subsubsection.4.2.2.1}{\376\377\000p\000r\000e\000p\000a\000r\000e}{subsection.4.2.2}% 19
\BOOKMARK [3][-]{subsubsection.4.2.2.2}{\376\377\000r\000u\000n}{subsection.4.2.2}% 20
\BOOKMARK [1][-]{section.4.3}{\376\377\000I\000L\000i\000s\000t\000a\000\040\000C\000l\000a\000s\000s\000\040\000R\000e\000f\000e\000r\000e\000n\000c\000e}{chapter.4}% 21
\BOOKMARK [2][-]{subsection.4.3.1}{\376\377\000D\000e\000t\000a\000i\000l\000e\000d\000\040\000D\000e\000s\000c\000r\000i\000p\000t\000i\000o\000n}{section.4.3}% 22
\BOOKMARK [2][-]{subsection.4.3.2}{\376\377\000M\000e\000m\000b\000e\000r\000\040\000F\000u\000n\000c\000t\000i\000o\000n\000\040\000D\000o\000c\000u\000m\000e\000n\000t\000a\000t\000i\000o\000n}{section.4.3}% 23
\BOOKMARK [3][-]{subsubsection.4.3.2.1}{\376\377\000A\000d\000d}{subsection.4.3.2}% 24
\BOOKMARK [3][-]{subsubsection.4.3.2.2}{\376\377\000G\000e\000t}{subsection.4.3.2}% 25
\BOOKMARK [3][-]{subsubsection.4.3.2.3}{\376\377\000I\000s\000E\000m\000p\000t\000y}{subsection.4.3.2}% 26
\BOOKMARK [3][-]{subsubsection.4.3.2.4}{\376\377\000R\000e\000m\000o\000v\000e}{subsection.4.3.2}% 27
\BOOKMARK [3][-]{subsubsection.4.3.2.5}{\376\377\000S\000i\000z\000e}{subsection.4.3.2}% 28
\BOOKMARK [1][-]{section.4.4}{\376\377\000I\000R\000u\000n\000n\000a\000b\000l\000e\000\040\000C\000l\000a\000s\000s\000\040\000R\000e\000f\000e\000r\000e\000n\000c\000e}{chapter.4}% 29
\BOOKMARK [2][-]{subsection.4.4.1}{\376\377\000D\000e\000t\000a\000i\000l\000e\000d\000\040\000D\000e\000s\000c\000r\000i\000p\000t\000i\000o\000n}{section.4.4}% 30
\BOOKMARK [2][-]{subsection.4.4.2}{\376\377\000M\000e\000m\000b\000e\000r\000\040\000F\000u\000n\000c\000t\000i\000o\000n\000\040\000D\000o\000c\000u\000m\000e\000n\000t\000a\000t\000i\000o\000n}{section.4.4}% 31
\BOOKMARK [3][-]{subsubsection.4.4.2.1}{\376\377\000p\000r\000e\000p\000a\000r\000e}{subsection.4.4.2}% 32
\BOOKMARK [3][-]{subsubsection.4.4.2.2}{\376\377\000r\000u\000n}{subsection.4.4.2}% 33
\BOOKMARK [1][-]{section.4.5}{\376\377\000I\000S\000t\000o\000p\000e\000r\000\040\000C\000l\000a\000s\000s\000\040\000R\000e\000f\000e\000r\000e\000n\000c\000e}{chapter.4}% 34
\BOOKMARK [2][-]{subsection.4.5.1}{\376\377\000D\000e\000t\000a\000i\000l\000e\000d\000\040\000D\000e\000s\000c\000r\000i\000p\000t\000i\000o\000n}{section.4.5}% 35
\BOOKMARK [2][-]{subsection.4.5.2}{\376\377\000M\000e\000m\000b\000e\000r\000\040\000F\000u\000n\000c\000t\000i\000o\000n\000\040\000D\000o\000c\000u\000m\000e\000n\000t\000a\000t\000i\000o\000n}{section.4.5}% 36
\BOOKMARK [3][-]{subsubsection.4.5.2.1}{\376\377\000d\000u\000m\000p\000T\000o\000F\000i\000l\000e}{subsection.4.5.2}% 37
\BOOKMARK [3][-]{subsubsection.4.5.2.2}{\376\377\000g\000e\000t\000E\000l\000a\000p\000s\000e\000d\000T\000i\000m\000e}{subsection.4.5.2}% 38
\BOOKMARK [3][-]{subsubsection.4.5.2.3}{\376\377\000S\000t\000a\000r\000t}{subsection.4.5.2}% 39
\BOOKMARK [3][-]{subsubsection.4.5.2.4}{\376\377\000S\000t\000o\000p}{subsection.4.5.2}% 40
\BOOKMARK [1][-]{section.4.6}{\376\377\000L\000i\000s\000t\000a\000\040\000C\000l\000a\000s\000s\000\040\000R\000e\000f\000e\000r\000e\000n\000c\000e}{chapter.4}% 41
\BOOKMARK [2][-]{subsection.4.6.1}{\376\377\000D\000e\000t\000a\000i\000l\000e\000d\000\040\000D\000e\000s\000c\000r\000i\000p\000t\000i\000o\000n}{section.4.6}% 42
\BOOKMARK [2][-]{subsection.4.6.2}{\376\377\000C\000o\000n\000s\000t\000r\000u\000c\000t\000o\000r\000\040\000\046\000\040\000D\000e\000s\000t\000r\000u\000c\000t\000o\000r\000\040\000D\000o\000c\000u\000m\000e\000n\000t\000a\000t\000i\000o\000n}{section.4.6}% 43
\BOOKMARK [3][-]{subsubsection.4.6.2.1}{\376\377\000L\000i\000s\000t\000a}{subsection.4.6.2}% 44
\BOOKMARK [2][-]{subsection.4.6.3}{\376\377\000M\000e\000m\000b\000e\000r\000\040\000F\000u\000n\000c\000t\000i\000o\000n\000\040\000D\000o\000c\000u\000m\000e\000n\000t\000a\000t\000i\000o\000n}{section.4.6}% 45
\BOOKMARK [3][-]{subsubsection.4.6.3.1}{\376\377\000A\000d\000d}{subsection.4.6.3}% 46
\BOOKMARK [3][-]{subsubsection.4.6.3.2}{\376\377\000G\000e\000t}{subsection.4.6.3}% 47
\BOOKMARK [3][-]{subsubsection.4.6.3.3}{\376\377\000I\000s\000E\000m\000p\000t\000y}{subsection.4.6.3}% 48
\BOOKMARK [3][-]{subsubsection.4.6.3.4}{\376\377\000R\000e\000m\000o\000v\000e}{subsection.4.6.3}% 49
\BOOKMARK [3][-]{subsubsection.4.6.3.5}{\376\377\000S\000i\000z\000e}{subsection.4.6.3}% 50
\BOOKMARK [1][-]{section.4.7}{\376\377\000N\000o\000d\000e\000\040\000S\000t\000r\000u\000c\000t\000\040\000R\000e\000f\000e\000r\000e\000n\000c\000e}{chapter.4}% 51
\BOOKMARK [2][-]{subsection.4.7.1}{\376\377\000D\000e\000t\000a\000i\000l\000e\000d\000\040\000D\000e\000s\000c\000r\000i\000p\000t\000i\000o\000n}{section.4.7}% 52
\BOOKMARK [2][-]{subsection.4.7.2}{\376\377\000M\000e\000m\000b\000e\000r\000\040\000D\000a\000t\000a\000\040\000D\000o\000c\000u\000m\000e\000n\000t\000a\000t\000i\000o\000n}{section.4.7}% 53
\BOOKMARK [3][-]{subsubsection.4.7.2.1}{\376\377\000w\000a\000r\000t\000o\000s\000c}{subsection.4.7.2}% 54
\BOOKMARK [3][-]{subsubsection.4.7.2.2}{\376\377\000w\000s\000k\000a\000z\000n\000i\000k}{subsection.4.7.2}% 55
\BOOKMARK [1][-]{section.4.8}{\376\377\000S\000e\000d\000z\000i\000a\000\040\000C\000l\000a\000s\000s\000\040\000R\000e\000f\000e\000r\000e\000n\000c\000e}{chapter.4}% 56
\BOOKMARK [2][-]{subsection.4.8.1}{\376\377\000D\000e\000t\000a\000i\000l\000e\000d\000\040\000D\000e\000s\000c\000r\000i\000p\000t\000i\000o\000n}{section.4.8}% 57
\BOOKMARK [2][-]{subsection.4.8.2}{\376\377\000C\000o\000n\000s\000t\000r\000u\000c\000t\000o\000r\000\040\000\046\000\040\000D\000e\000s\000t\000r\000u\000c\000t\000o\000r\000\040\000D\000o\000c\000u\000m\000e\000n\000t\000a\000t\000i\000o\000n}{section.4.8}% 58
\BOOKMARK [3][-]{subsubsection.4.8.2.1}{\376\377\000S\000e\000d\000z\000i\000a}{subsection.4.8.2}% 59
\BOOKMARK [2][-]{subsection.4.8.3}{\376\377\000M\000e\000m\000b\000e\000r\000\040\000F\000u\000n\000c\000t\000i\000o\000n\000\040\000D\000o\000c\000u\000m\000e\000n\000t\000a\000t\000i\000o\000n}{section.4.8}% 60
\BOOKMARK [3][-]{subsubsection.4.8.3.1}{\376\377\000r\000e\000l\000e\000a\000s\000e}{subsection.4.8.3}% 61
\BOOKMARK [1][-]{section.4.9}{\376\377\000S\000t\000o\000p\000e\000r\000\040\000C\000l\000a\000s\000s\000\040\000R\000e\000f\000e\000r\000e\000n\000c\000e}{chapter.4}% 62
\BOOKMARK [2][-]{subsection.4.9.1}{\376\377\000D\000e\000t\000a\000i\000l\000e\000d\000\040\000D\000e\000s\000c\000r\000i\000p\000t\000i\000o\000n}{section.4.9}% 63
\BOOKMARK [2][-]{subsection.4.9.2}{\376\377\000M\000e\000m\000b\000e\000r\000\040\000T\000y\000p\000e\000d\000e\000f\000\040\000D\000o\000c\000u\000m\000e\000n\000t\000a\000t\000i\000o\000n}{section.4.9}% 64
\BOOKMARK [3][-]{subsubsection.4.9.2.1}{\376\377\000c\000l\000o\000c\000k}{subsection.4.9.2}% 65
\BOOKMARK [3][-]{subsubsection.4.9.2.2}{\376\377\000t\000i\000m\000e\000\137\000p\000o\000i\000n\000t}{subsection.4.9.2}% 66
\BOOKMARK [3][-]{subsubsection.4.9.2.3}{\376\377\000t\000i\000m\000e\000\137\000t\000y\000p\000e}{subsection.4.9.2}% 67
\BOOKMARK [2][-]{subsection.4.9.3}{\376\377\000M\000e\000m\000b\000e\000r\000\040\000F\000u\000n\000c\000t\000i\000o\000n\000\040\000D\000o\000c\000u\000m\000e\000n\000t\000a\000t\000i\000o\000n}{section.4.9}% 68
\BOOKMARK [3][-]{subsubsection.4.9.3.1}{\376\377\000d\000u\000m\000p\000T\000o\000F\000i\000l\000e}{subsection.4.9.3}% 69
\BOOKMARK [3][-]{subsubsection.4.9.3.2}{\376\377\000g\000e\000t\000E\000l\000a\000p\000s\000e\000d\000T\000i\000m\000e}{subsection.4.9.3}% 70
\BOOKMARK [3][-]{subsubsection.4.9.3.3}{\376\377\000S\000t\000a\000r\000t}{subsection.4.9.3}% 71
\BOOKMARK [3][-]{subsubsection.4.9.3.4}{\376\377\000S\000t\000o\000p}{subsection.4.9.3}% 72
\BOOKMARK [0][-]{chapter.5}{\376\377\000F\000i\000l\000e\000\040\000D\000o\000c\000u\000m\000e\000n\000t\000a\000t\000i\000o\000n}{}% 73
\BOOKMARK [1][-]{section.5.1}{\376\377\000/\000h\000o\000m\000e\000/\000p\000a\000t\000r\0009\0005\000/\000P\000u\000l\000p\000i\000t\000/\000P\000A\000M\000S\000I\000/\0001\0004\0000\0003\000/\000p\000r\000o\000g\000/\000p\000r\000j\000/\000b\000u\000i\000l\000d\000/\000C\000M\000a\000k\000e\000F\000i\000l\000e\000s\000/\0002\000.\0008\000.\0001\0002\000.\0002\000/\000C\000o\000m\000p\000i\000l\000e\000r\000I\000d\000C\000/\000C\000M\000a\000k\000e\000C\000C\000o\000m\000p\000i\000l\000e\000r\000I\000d\000.\000c\000\040\000F\000i\000l\000e\000\040\000R\000e\000f\000e\000r\000e\000n\000c\000e}{chapter.5}% 74
\BOOKMARK [2][-]{subsection.5.1.1}{\376\377\000M\000a\000c\000r\000o\000\040\000D\000e\000f\000i\000n\000i\000t\000i\000o\000n\000\040\000D\000o\000c\000u\000m\000e\000n\000t\000a\000t\000i\000o\000n}{section.5.1}% 75
\BOOKMARK [3][-]{subsubsection.5.1.1.1}{\376\377\000A\000R\000C\000H\000I\000T\000E\000C\000T\000U\000R\000E\000\137\000I\000D}{subsection.5.1.1}% 76
\BOOKMARK [3][-]{subsubsection.5.1.1.2}{\376\377\000C\000O\000M\000P\000I\000L\000E\000R\000\137\000I\000D}{subsection.5.1.1}% 77
\BOOKMARK [3][-]{subsubsection.5.1.1.3}{\376\377\000D\000E\000C}{subsection.5.1.1}% 78
\BOOKMARK [3][-]{subsubsection.5.1.1.4}{\376\377\000H\000E\000X}{subsection.5.1.1}% 79
\BOOKMARK [3][-]{subsubsection.5.1.1.5}{\376\377\000P\000L\000A\000T\000F\000O\000R\000M\000\137\000I\000D}{subsection.5.1.1}% 80
\BOOKMARK [2][-]{subsection.5.1.2}{\376\377\000F\000u\000n\000c\000t\000i\000o\000n\000\040\000D\000o\000c\000u\000m\000e\000n\000t\000a\000t\000i\000o\000n}{section.5.1}% 81
\BOOKMARK [3][-]{subsubsection.5.1.2.1}{\376\377\000m\000a\000i\000n}{subsection.5.1.2}% 82
\BOOKMARK [2][-]{subsection.5.1.3}{\376\377\000V\000a\000r\000i\000a\000b\000l\000e\000\040\000D\000o\000c\000u\000m\000e\000n\000t\000a\000t\000i\000o\000n}{section.5.1}% 83
\BOOKMARK [3][-]{subsubsection.5.1.3.1}{\376\377\000i\000n\000f\000o\000\137\000a\000r\000c\000h}{subsection.5.1.3}% 84
\BOOKMARK [3][-]{subsubsection.5.1.3.2}{\376\377\000i\000n\000f\000o\000\137\000c\000o\000m\000p\000i\000l\000e\000r}{subsection.5.1.3}% 85
\BOOKMARK [3][-]{subsubsection.5.1.3.3}{\376\377\000i\000n\000f\000o\000\137\000p\000l\000a\000t\000f\000o\000r\000m}{subsection.5.1.3}% 86
\BOOKMARK [1][-]{section.5.2}{\376\377\000/\000h\000o\000m\000e\000/\000p\000a\000t\000r\0009\0005\000/\000P\000u\000l\000p\000i\000t\000/\000P\000A\000M\000S\000I\000/\0001\0004\0000\0003\000/\000p\000r\000o\000g\000/\000p\000r\000j\000/\000C\000M\000a\000k\000e\000F\000i\000l\000e\000s\000/\0002\000.\0008\000.\0001\0002\000.\0002\000/\000C\000o\000m\000p\000i\000l\000e\000r\000I\000d\000C\000/\000C\000M\000a\000k\000e\000C\000C\000o\000m\000p\000i\000l\000e\000r\000I\000d\000.\000c\000\040\000F\000i\000l\000e\000\040\000R\000e\000f\000e\000r\000e\000n\000c\000e}{chapter.5}% 87
\BOOKMARK [2][-]{subsection.5.2.1}{\376\377\000M\000a\000c\000r\000o\000\040\000D\000e\000f\000i\000n\000i\000t\000i\000o\000n\000\040\000D\000o\000c\000u\000m\000e\000n\000t\000a\000t\000i\000o\000n}{section.5.2}% 88
\BOOKMARK [3][-]{subsubsection.5.2.1.1}{\376\377\000A\000R\000C\000H\000I\000T\000E\000C\000T\000U\000R\000E\000\137\000I\000D}{subsection.5.2.1}% 89
\BOOKMARK [3][-]{subsubsection.5.2.1.2}{\376\377\000C\000O\000M\000P\000I\000L\000E\000R\000\137\000I\000D}{subsection.5.2.1}% 90
\BOOKMARK [3][-]{subsubsection.5.2.1.3}{\376\377\000D\000E\000C}{subsection.5.2.1}% 91
\BOOKMARK [3][-]{subsubsection.5.2.1.4}{\376\377\000H\000E\000X}{subsection.5.2.1}% 92
\BOOKMARK [3][-]{subsubsection.5.2.1.5}{\376\377\000P\000L\000A\000T\000F\000O\000R\000M\000\137\000I\000D}{subsection.5.2.1}% 93
\BOOKMARK [2][-]{subsection.5.2.2}{\376\377\000F\000u\000n\000c\000t\000i\000o\000n\000\040\000D\000o\000c\000u\000m\000e\000n\000t\000a\000t\000i\000o\000n}{section.5.2}% 94
\BOOKMARK [3][-]{subsubsection.5.2.2.1}{\376\377\000m\000a\000i\000n}{subsection.5.2.2}% 95
\BOOKMARK [2][-]{subsection.5.2.3}{\376\377\000V\000a\000r\000i\000a\000b\000l\000e\000\040\000D\000o\000c\000u\000m\000e\000n\000t\000a\000t\000i\000o\000n}{section.5.2}% 96
\BOOKMARK [3][-]{subsubsection.5.2.3.1}{\376\377\000i\000n\000f\000o\000\137\000a\000r\000c\000h}{subsection.5.2.3}% 97
\BOOKMARK [3][-]{subsubsection.5.2.3.2}{\376\377\000i\000n\000f\000o\000\137\000c\000o\000m\000p\000i\000l\000e\000r}{subsection.5.2.3}% 98
\BOOKMARK [3][-]{subsubsection.5.2.3.3}{\376\377\000i\000n\000f\000o\000\137\000p\000l\000a\000t\000f\000o\000r\000m}{subsection.5.2.3}% 99
\BOOKMARK [1][-]{section.5.3}{\376\377\000/\000h\000o\000m\000e\000/\000p\000a\000t\000r\0009\0005\000/\000P\000u\000l\000p\000i\000t\000/\000P\000A\000M\000S\000I\000/\0001\0004\0000\0003\000/\000p\000r\000o\000g\000/\000p\000r\000j\000/\000b\000u\000i\000l\000d\000/\000C\000M\000a\000k\000e\000F\000i\000l\000e\000s\000/\0002\000.\0008\000.\0001\0002\000.\0002\000/\000C\000o\000m\000p\000i\000l\000e\000r\000I\000d\000C\000X\000X\000/\000C\000M\000a\000k\000e\000C\000X\000X\000C\000o\000m\000p\000i\000l\000e\000r\000I\000d\000.\000c\000p\000p\000\040\000F\000i\000l\000e\000\040\000R\000e\000f\000e\000r\000e\000n\000c\000e}{chapter.5}% 100
\BOOKMARK [2][-]{subsection.5.3.1}{\376\377\000M\000a\000c\000r\000o\000\040\000D\000e\000f\000i\000n\000i\000t\000i\000o\000n\000\040\000D\000o\000c\000u\000m\000e\000n\000t\000a\000t\000i\000o\000n}{section.5.3}% 101
\BOOKMARK [3][-]{subsubsection.5.3.1.1}{\376\377\000A\000R\000C\000H\000I\000T\000E\000C\000T\000U\000R\000E\000\137\000I\000D}{subsection.5.3.1}% 102
\BOOKMARK [3][-]{subsubsection.5.3.1.2}{\376\377\000C\000O\000M\000P\000I\000L\000E\000R\000\137\000I\000D}{subsection.5.3.1}% 103
\BOOKMARK [3][-]{subsubsection.5.3.1.3}{\376\377\000D\000E\000C}{subsection.5.3.1}% 104
\BOOKMARK [3][-]{subsubsection.5.3.1.4}{\376\377\000H\000E\000X}{subsection.5.3.1}% 105
\BOOKMARK [3][-]{subsubsection.5.3.1.5}{\376\377\000P\000L\000A\000T\000F\000O\000R\000M\000\137\000I\000D}{subsection.5.3.1}% 106
\BOOKMARK [2][-]{subsection.5.3.2}{\376\377\000F\000u\000n\000c\000t\000i\000o\000n\000\040\000D\000o\000c\000u\000m\000e\000n\000t\000a\000t\000i\000o\000n}{section.5.3}% 107
\BOOKMARK [3][-]{subsubsection.5.3.2.1}{\376\377\000m\000a\000i\000n}{subsection.5.3.2}% 108
\BOOKMARK [2][-]{subsection.5.3.3}{\376\377\000V\000a\000r\000i\000a\000b\000l\000e\000\040\000D\000o\000c\000u\000m\000e\000n\000t\000a\000t\000i\000o\000n}{section.5.3}% 109
\BOOKMARK [3][-]{subsubsection.5.3.3.1}{\376\377\000i\000n\000f\000o\000\137\000a\000r\000c\000h}{subsection.5.3.3}% 110
\BOOKMARK [3][-]{subsubsection.5.3.3.2}{\376\377\000i\000n\000f\000o\000\137\000c\000o\000m\000p\000i\000l\000e\000r}{subsection.5.3.3}% 111
\BOOKMARK [3][-]{subsubsection.5.3.3.3}{\376\377\000i\000n\000f\000o\000\137\000p\000l\000a\000t\000f\000o\000r\000m}{subsection.5.3.3}% 112
\BOOKMARK [1][-]{section.5.4}{\376\377\000/\000h\000o\000m\000e\000/\000p\000a\000t\000r\0009\0005\000/\000P\000u\000l\000p\000i\000t\000/\000P\000A\000M\000S\000I\000/\0001\0004\0000\0003\000/\000p\000r\000o\000g\000/\000p\000r\000j\000/\000C\000M\000a\000k\000e\000F\000i\000l\000e\000s\000/\0002\000.\0008\000.\0001\0002\000.\0002\000/\000C\000o\000m\000p\000i\000l\000e\000r\000I\000d\000C\000X\000X\000/\000C\000M\000a\000k\000e\000C\000X\000X\000C\000o\000m\000p\000i\000l\000e\000r\000I\000d\000.\000c\000p\000p\000\040\000F\000i\000l\000e\000\040\000R\000e\000f\000e\000r\000e\000n\000c\000e}{chapter.5}% 113
\BOOKMARK [2][-]{subsection.5.4.1}{\376\377\000M\000a\000c\000r\000o\000\040\000D\000e\000f\000i\000n\000i\000t\000i\000o\000n\000\040\000D\000o\000c\000u\000m\000e\000n\000t\000a\000t\000i\000o\000n}{section.5.4}% 114
\BOOKMARK [3][-]{subsubsection.5.4.1.1}{\376\377\000A\000R\000C\000H\000I\000T\000E\000C\000T\000U\000R\000E\000\137\000I\000D}{subsection.5.4.1}% 115
\BOOKMARK [3][-]{subsubsection.5.4.1.2}{\376\377\000C\000O\000M\000P\000I\000L\000E\000R\000\137\000I\000D}{subsection.5.4.1}% 116
\BOOKMARK [3][-]{subsubsection.5.4.1.3}{\376\377\000D\000E\000C}{subsection.5.4.1}% 117
\BOOKMARK [3][-]{subsubsection.5.4.1.4}{\376\377\000H\000E\000X}{subsection.5.4.1}% 118
\BOOKMARK [3][-]{subsubsection.5.4.1.5}{\376\377\000P\000L\000A\000T\000F\000O\000R\000M\000\137\000I\000D}{subsection.5.4.1}% 119
\BOOKMARK [2][-]{subsection.5.4.2}{\376\377\000F\000u\000n\000c\000t\000i\000o\000n\000\040\000D\000o\000c\000u\000m\000e\000n\000t\000a\000t\000i\000o\000n}{section.5.4}% 120
\BOOKMARK [3][-]{subsubsection.5.4.2.1}{\376\377\000m\000a\000i\000n}{subsection.5.4.2}% 121
\BOOKMARK [2][-]{subsection.5.4.3}{\376\377\000V\000a\000r\000i\000a\000b\000l\000e\000\040\000D\000o\000c\000u\000m\000e\000n\000t\000a\000t\000i\000o\000n}{section.5.4}% 122
\BOOKMARK [3][-]{subsubsection.5.4.3.1}{\376\377\000i\000n\000f\000o\000\137\000a\000r\000c\000h}{subsection.5.4.3}% 123
\BOOKMARK [3][-]{subsubsection.5.4.3.2}{\376\377\000i\000n\000f\000o\000\137\000c\000o\000m\000p\000i\000l\000e\000r}{subsection.5.4.3}% 124
\BOOKMARK [3][-]{subsubsection.5.4.3.3}{\376\377\000i\000n\000f\000o\000\137\000p\000l\000a\000t\000f\000o\000r\000m}{subsection.5.4.3}% 125
\BOOKMARK [1][-]{section.5.5}{\376\377\000/\000h\000o\000m\000e\000/\000p\000a\000t\000r\0009\0005\000/\000P\000u\000l\000p\000i\000t\000/\000P\000A\000M\000S\000I\000/\0001\0004\0000\0003\000/\000p\000r\000o\000g\000/\000p\000r\000j\000/\000i\000n\000c\000/\000B\000i\000e\000g\000a\000c\000z\000.\000h\000\040\000F\000i\000l\000e\000\040\000R\000e\000f\000e\000r\000e\000n\000c\000e}{chapter.5}% 126
\BOOKMARK [2][-]{subsection.5.5.1}{\376\377\000V\000a\000r\000i\000a\000b\000l\000e\000\040\000D\000o\000c\000u\000m\000e\000n\000t\000a\000t\000i\000o\000n}{section.5.5}% 127
\BOOKMARK [3][-]{subsubsection.5.5.1.1}{\376\377\000p\000o\000c\000z\000a\000t\000k\000o\000w\000y\000\137\000r\000o\000z\000m\000i\000a\000r\000\137\000t\000a\000b\000l\000i\000c\000y}{subsection.5.5.1}% 128
\BOOKMARK [1][-]{section.5.6}{\376\377\000/\000h\000o\000m\000e\000/\000p\000a\000t\000r\0009\0005\000/\000P\000u\000l\000p\000i\000t\000/\000P\000A\000M\000S\000I\000/\0001\0004\0000\0003\000/\000p\000r\000o\000g\000/\000p\000r\000j\000/\000i\000n\000c\000/\000B\000i\000e\000g\000a\000c\000z\000L\000i\000s\000t\000a\000.\000h\000\040\000F\000i\000l\000e\000\040\000R\000e\000f\000e\000r\000e\000n\000c\000e}{chapter.5}% 129
\BOOKMARK [1][-]{section.5.7}{\376\377\000/\000h\000o\000m\000e\000/\000p\000a\000t\000r\0009\0005\000/\000P\000u\000l\000p\000i\000t\000/\000P\000A\000M\000S\000I\000/\0001\0004\0000\0003\000/\000p\000r\000o\000g\000/\000p\000r\000j\000/\000i\000n\000c\000/\000I\000L\000i\000s\000t\000a\000.\000h\000\040\000F\000i\000l\000e\000\040\000R\000e\000f\000e\000r\000e\000n\000c\000e}{chapter.5}% 130
\BOOKMARK [1][-]{section.5.8}{\376\377\000/\000h\000o\000m\000e\000/\000p\000a\000t\000r\0009\0005\000/\000P\000u\000l\000p\000i\000t\000/\000P\000A\000M\000S\000I\000/\0001\0004\0000\0003\000/\000p\000r\000o\000g\000/\000p\000r\000j\000/\000i\000n\000c\000/\000I\000R\000u\000n\000n\000a\000b\000l\000e\000.\000h\000\040\000F\000i\000l\000e\000\040\000R\000e\000f\000e\000r\000e\000n\000c\000e}{chapter.5}% 131
\BOOKMARK [1][-]{section.5.9}{\376\377\000/\000h\000o\000m\000e\000/\000p\000a\000t\000r\0009\0005\000/\000P\000u\000l\000p\000i\000t\000/\000P\000A\000M\000S\000I\000/\0001\0004\0000\0003\000/\000p\000r\000o\000g\000/\000p\000r\000j\000/\000i\000n\000c\000/\000I\000S\000t\000o\000p\000e\000r\000.\000h\000\040\000F\000i\000l\000e\000\040\000R\000e\000f\000e\000r\000e\000n\000c\000e}{chapter.5}% 132
\BOOKMARK [1][-]{section.5.10}{\376\377\000/\000h\000o\000m\000e\000/\000p\000a\000t\000r\0009\0005\000/\000P\000u\000l\000p\000i\000t\000/\000P\000A\000M\000S\000I\000/\0001\0004\0000\0003\000/\000p\000r\000o\000g\000/\000p\000r\000j\000/\000i\000n\000c\000/\000L\000i\000s\000t\000a\000.\000h\000\040\000F\000i\000l\000e\000\040\000R\000e\000f\000e\000r\000e\000n\000c\000e}{chapter.5}% 133
\BOOKMARK [1][-]{section.5.11}{\376\377\000/\000h\000o\000m\000e\000/\000p\000a\000t\000r\0009\0005\000/\000P\000u\000l\000p\000i\000t\000/\000P\000A\000M\000S\000I\000/\0001\0004\0000\0003\000/\000p\000r\000o\000g\000/\000p\000r\000j\000/\000i\000n\000c\000/\000S\000e\000d\000z\000i\000a\000.\000h\000\040\000F\000i\000l\000e\000\040\000R\000e\000f\000e\000r\000e\000n\000c\000e}{chapter.5}% 134
\BOOKMARK [2][-]{subsection.5.11.1}{\376\377\000V\000a\000r\000i\000a\000b\000l\000e\000\040\000D\000o\000c\000u\000m\000e\000n\000t\000a\000t\000i\000o\000n}{section.5.11}% 135
\BOOKMARK [3][-]{subsubsection.5.11.1.1}{\376\377\000N\000A\000Z\000W\000A\000\137\000P\000L\000I\000K\000U\000\137\000Z\000\137\000I\000L\000O\000S\000C\000I\000A\000\137\000E\000L\000E\000M\000E\000N\000T\000O\000W}{subsection.5.11.1}% 136
\BOOKMARK [1][-]{section.5.12}{\376\377\000/\000h\000o\000m\000e\000/\000p\000a\000t\000r\0009\0005\000/\000P\000u\000l\000p\000i\000t\000/\000P\000A\000M\000S\000I\000/\0001\0004\0000\0003\000/\000p\000r\000o\000g\000/\000p\000r\000j\000/\000i\000n\000c\000/\000S\000t\000o\000p\000e\000r\000.\000h\000\040\000F\000i\000l\000e\000\040\000R\000e\000f\000e\000r\000e\000n\000c\000e}{chapter.5}% 137
\BOOKMARK [1][-]{section.5.13}{\376\377\000/\000h\000o\000m\000e\000/\000p\000a\000t\000r\0009\0005\000/\000P\000u\000l\000p\000i\000t\000/\000P\000A\000M\000S\000I\000/\0001\0004\0000\0003\000/\000p\000r\000o\000g\000/\000p\000r\000j\000/\000s\000r\000c\000/\000B\000i\000e\000g\000a\000c\000z\000.\000c\000p\000p\000\040\000F\000i\000l\000e\000\040\000R\000e\000f\000e\000r\000e\000n\000c\000e}{chapter.5}% 138
\BOOKMARK [1][-]{section.5.14}{\376\377\000/\000h\000o\000m\000e\000/\000p\000a\000t\000r\0009\0005\000/\000P\000u\000l\000p\000i\000t\000/\000P\000A\000M\000S\000I\000/\0001\0004\0000\0003\000/\000p\000r\000o\000g\000/\000p\000r\000j\000/\000s\000r\000c\000/\000B\000i\000e\000g\000a\000c\000z\000L\000i\000s\000t\000a\000.\000c\000p\000p\000\040\000F\000i\000l\000e\000\040\000R\000e\000f\000e\000r\000e\000n\000c\000e}{chapter.5}% 139
\BOOKMARK [1][-]{section.5.15}{\376\377\000/\000h\000o\000m\000e\000/\000p\000a\000t\000r\0009\0005\000/\000P\000u\000l\000p\000i\000t\000/\000P\000A\000M\000S\000I\000/\0001\0004\0000\0003\000/\000p\000r\000o\000g\000/\000p\000r\000j\000/\000s\000r\000c\000/\000L\000i\000s\000t\000a\000.\000c\000p\000p\000\040\000F\000i\000l\000e\000\040\000R\000e\000f\000e\000r\000e\000n\000c\000e}{chapter.5}% 140
\BOOKMARK [1][-]{section.5.16}{\376\377\000/\000h\000o\000m\000e\000/\000p\000a\000t\000r\0009\0005\000/\000P\000u\000l\000p\000i\000t\000/\000P\000A\000M\000S\000I\000/\0001\0004\0000\0003\000/\000p\000r\000o\000g\000/\000p\000r\000j\000/\000s\000r\000c\000/\000m\000a\000i\000n\000.\000c\000p\000p\000\040\000F\000i\000l\000e\000\040\000R\000e\000f\000e\000r\000e\000n\000c\000e}{chapter.5}% 141
\BOOKMARK [2][-]{subsection.5.16.1}{\376\377\000F\000u\000n\000c\000t\000i\000o\000n\000\040\000D\000o\000c\000u\000m\000e\000n\000t\000a\000t\000i\000o\000n}{section.5.16}% 142
\BOOKMARK [3][-]{subsubsection.5.16.1.1}{\376\377\000m\000a\000i\000n}{subsection.5.16.1}% 143
\BOOKMARK [1][-]{section.5.17}{\376\377\000/\000h\000o\000m\000e\000/\000p\000a\000t\000r\0009\0005\000/\000P\000u\000l\000p\000i\000t\000/\000P\000A\000M\000S\000I\000/\0001\0004\0000\0003\000/\000p\000r\000o\000g\000/\000p\000r\000j\000/\000s\000r\000c\000/\000S\000e\000d\000z\000i\000a\000.\000c\000p\000p\000\040\000F\000i\000l\000e\000\040\000R\000e\000f\000e\000r\000e\000n\000c\000e}{chapter.5}% 144
\BOOKMARK [1][-]{section.5.18}{\376\377\000/\000h\000o\000m\000e\000/\000p\000a\000t\000r\0009\0005\000/\000P\000u\000l\000p\000i\000t\000/\000P\000A\000M\000S\000I\000/\0001\0004\0000\0003\000/\000p\000r\000o\000g\000/\000p\000r\000j\000/\000s\000r\000c\000/\000S\000t\000o\000p\000e\000r\000.\000c\000p\000p\000\040\000F\000i\000l\000e\000\040\000R\000e\000f\000e\000r\000e\000n\000c\000e}{chapter.5}% 145
